<?xml version="1.0" encoding="UTF-8"?>
<robot generator="Robot 5.0.1 (Python 3.10.4 on win32)" generated="20230716 23:44:12.909" rpa="false" schemaversion="3">
<suite id="s1" name="Appprac3" source="C:\Users\Thanut\Desktop\Hello World\Work\Coding\RobotFramework\prac3\app\appprac3.robot">
<test id="s1-t1" name="Wallpaper TestApp" line="30">
<kw name="Open WallpaperApp">
<kw name="Open Application" library="AppiumLibrary">
<arg>remote_url=http://localhost:4723/wd/hub</arg>
<arg>deviceName=TestDevice</arg>
<arg>platformVersion=10.0</arg>
<arg>platformName=Android</arg>
<arg>appPackage=in.wallpaper.wallpapers</arg>
<arg>appActivity=in.wallpaper.wallpapers.activity.MainActivity</arg>
<doc>Opens a new application to given Appium server.
Capabilities of appium server, Android and iOS,
Please check https://github.com/appium/appium/blob/master/docs/en/writing-running-appium/server-args.md
| *Option*            | *Man.* | *Description*     |
| remote_url          | Yes    | Appium server url |
| alias               | no     | alias             |</doc>
<status status="PASS" starttime="20230716 23:44:13.258" endtime="20230716 23:44:26.803"/>
</kw>
<status status="PASS" starttime="20230716 23:44:13.257" endtime="20230716 23:44:26.803"/>
</kw>
<kw name="Select Featured">
<kw name="Wait Until Page Contains Element" library="AppiumLibrary">
<arg>android=UiSelector().className("android.widget.TextView").text("Featured")</arg>
<arg>5s</arg>
<doc>Waits until element specified with `locator` appears on current page.</doc>
<status status="PASS" starttime="20230716 23:44:26.805" endtime="20230716 23:44:27.392"/>
</kw>
<kw name="Tap" library="AppiumLibrary">
<arg>xpath=/hierarchy/android.widget.FrameLayout/android.widget.LinearLayout</arg>
<doc>Tap element identified by ``locator``. </doc>
<status status="PASS" starttime="20230716 23:44:27.392" endtime="20230716 23:44:31.612"/>
</kw>
<kw name="Tap" library="AppiumLibrary">
<arg>android=UiSelector().className("android.widget.TextView").text("Featured")</arg>
<doc>Tap element identified by ``locator``. </doc>
<status status="PASS" starttime="20230716 23:44:31.612" endtime="20230716 23:44:31.984"/>
</kw>
<status status="PASS" starttime="20230716 23:44:26.803" endtime="20230716 23:44:31.984"/>
</kw>
<kw name="Change Widget">
<kw name="Tap" library="AppiumLibrary">
<arg>android=UiSelector().className("android.widget.TextView").text("Glance")</arg>
<doc>Tap element identified by ``locator``. </doc>
<status status="PASS" starttime="20230716 23:44:31.985" endtime="20230716 23:44:34.264"/>
</kw>
<kw name="Tap" library="AppiumLibrary">
<arg>android=UiSelector().className("android.widget.TextView").text("Widgets")</arg>
<doc>Tap element identified by ``locator``. </doc>
<status status="PASS" starttime="20230716 23:44:34.265" endtime="20230716 23:44:34.553"/>
</kw>
<kw name="Wait Until Page Contains Element" library="AppiumLibrary">
<arg>id=in.wallpaper.wallpapers:id/analog_clock4</arg>
<arg>5s</arg>
<doc>Waits until element specified with `locator` appears on current page.</doc>
<status status="PASS" starttime="20230716 23:44:34.553" endtime="20230716 23:44:34.780"/>
</kw>
<kw name="Tap" library="AppiumLibrary">
<arg>id=in.wallpaper.wallpapers:id/analog_clock4</arg>
<doc>Tap element identified by ``locator``. </doc>
<status status="PASS" starttime="20230716 23:44:34.780" endtime="20230716 23:44:36.453"/>
</kw>
<kw name="Wait Until Page Contains Element" library="AppiumLibrary">
<arg>android=UiSelector().className("android.widget.Button").text("Add automatically")</arg>
<arg>5s</arg>
<doc>Waits until element specified with `locator` appears on current page.</doc>
<status status="PASS" starttime="20230716 23:44:36.453" endtime="20230716 23:44:36.486"/>
</kw>
<kw name="Click Element" library="AppiumLibrary">
<arg>android=UiSelector().className("android.widget.Button").text("Add automatically")</arg>
<doc>Click element identified by `locator`.</doc>
<msg timestamp="20230716 23:44:36.489" level="INFO">Clicking element 'android=UiSelector().className("android.widget.Button").text("Add automatically")'.</msg>
<status status="PASS" starttime="20230716 23:44:36.486" endtime="20230716 23:44:36.621"/>
</kw>
<status status="PASS" starttime="20230716 23:44:31.985" endtime="20230716 23:44:36.621"/>
</kw>
<kw name="Close App">
<kw name="Close Application" library="AppiumLibrary">
<doc>Closes the current application and also close webdriver session.</doc>
<status status="PASS" starttime="20230716 23:44:36.622" endtime="20230716 23:44:37.923"/>
</kw>
<status status="PASS" starttime="20230716 23:44:36.621" endtime="20230716 23:44:37.924"/>
</kw>
<status status="PASS" starttime="20230716 23:44:13.256" endtime="20230716 23:44:37.928"/>
</test>
<status status="PASS" starttime="20230716 23:44:12.912" endtime="20230716 23:44:37.931"/>
</suite>
<statistics>
<total>
<stat pass="1" fail="0" skip="0">All Tests</stat>
</total>
<tag>
</tag>
<suite>
<stat pass="1" fail="0" skip="0" id="s1" name="Appprac3">Appprac3</stat>
</suite>
</statistics>
<errors>
</errors>
</robot>
