<?xml version="1.0" encoding="UTF-8"?>
<robot generator="Robot 5.0.1 (Python 3.10.4 on win32)" generated="20230716 16:49:23.505" rpa="false" schemaversion="3">
<suite id="s1" name="Webprac3" source="C:\Users\Thanut\Desktop\Hello World\Work\Coding\RobotFramework\prac3\webprac3.robot">
<test id="s1-t1" name="FoodNetwork Webtest" line="24">
<kw name="Open Web">
<kw name="Open Browser" library="SeleniumLibrary">
<arg>https://www.foodnetwork.com/recipes</arg>
<arg>chrome</arg>
<doc>Opens a new browser instance to the optional ``url``.</doc>
<msg timestamp="20230716 16:49:24.293" level="INFO">Opening browser 'chrome' to base url 'https://www.foodnetwork.com/recipes'.</msg>
<status status="PASS" starttime="20230716 16:49:24.292" endtime="20230716 16:49:35.173"/>
</kw>
<kw name="Log To Console" library="BuiltIn">
<arg>Open FoodNetwork Website</arg>
<doc>Logs the given message to the console.</doc>
<status status="PASS" starttime="20230716 16:49:35.173" endtime="20230716 16:49:35.176"/>
</kw>
<kw name="Maximize Browser Window" library="SeleniumLibrary">
<doc>Maximizes current browser window.</doc>
<status status="PASS" starttime="20230716 16:49:35.176" endtime="20230716 16:49:35.834"/>
</kw>
<kw name="Sleep" library="BuiltIn">
<arg>3s</arg>
<doc>Pauses the test executed for the given time.</doc>
<msg timestamp="20230716 16:49:38.843" level="INFO">Slept 3 seconds</msg>
<status status="PASS" starttime="20230716 16:49:35.834" endtime="20230716 16:49:38.843"/>
</kw>
<status status="PASS" starttime="20230716 16:49:24.291" endtime="20230716 16:49:38.844"/>
</kw>
<kw name="Click Food">
<kw name="Click Element" library="SeleniumLibrary">
<arg>//a[@class='o-InternationalDialog__a-Button']</arg>
<doc>Click the element identified by ``locator``.</doc>
<msg timestamp="20230716 16:49:38.846" level="INFO">Clicking element '//a[@class='o-InternationalDialog__a-Button']'.</msg>
<status status="PASS" starttime="20230716 16:49:38.845" endtime="20230716 16:49:45.436"/>
</kw>
<kw name="Sleep" library="BuiltIn">
<arg>3s</arg>
<doc>Pauses the test executed for the given time.</doc>
<msg timestamp="20230716 16:49:48.439" level="INFO">Slept 3 seconds</msg>
<status status="PASS" starttime="20230716 16:49:45.436" endtime="20230716 16:49:48.440"/>
</kw>
<status status="PASS" starttime="20230716 16:49:38.844" endtime="20230716 16:49:48.440"/>
</kw>
<kw name="Search Food">
<kw name="Input Text" library="SeleniumLibrary">
<arg>//input[@class='typeahead typehead-nocircle tt-input']</arg>
<arg>Egg Fried Rice</arg>
<doc>Types the given ``text`` into the text field identified by ``locator``.</doc>
<msg timestamp="20230716 16:49:48.441" level="INFO">Typing text 'Egg Fried Rice' into text field '//input[@class='typeahead typehead-nocircle tt-input']'.</msg>
<status status="PASS" starttime="20230716 16:49:48.441" endtime="20230716 16:49:48.650"/>
</kw>
<kw name="Click Button" library="SeleniumLibrary">
<arg>//button[@class='button m-search__submit m-searchsubmit-search-home']</arg>
<doc>Clicks the button identified by ``locator``.</doc>
<msg timestamp="20230716 16:49:48.651" level="INFO">Clicking button '//button[@class='button m-search__submit m-searchsubmit-search-home']'.</msg>
<status status="PASS" starttime="20230716 16:49:48.650" endtime="20230716 16:49:54.910"/>
</kw>
<kw name="Sleep" library="BuiltIn">
<arg>3s</arg>
<doc>Pauses the test executed for the given time.</doc>
<msg timestamp="20230716 16:49:57.922" level="INFO">Slept 3 seconds</msg>
<status status="PASS" starttime="20230716 16:49:54.910" endtime="20230716 16:49:57.922"/>
</kw>
<kw name="Execute Javascript" library="SeleniumLibrary">
<arg>window.scrollTo(0,1000)</arg>
<doc>Executes the given JavaScript code with possible arguments.</doc>
<msg timestamp="20230716 16:49:57.923" level="INFO">Executing JavaScript:
window.scrollTo(0,1000)
Without any arguments.</msg>
<status status="PASS" starttime="20230716 16:49:57.922" endtime="20230716 16:49:57.942"/>
</kw>
<kw name="Sleep" library="BuiltIn">
<arg>2s</arg>
<doc>Pauses the test executed for the given time.</doc>
<msg timestamp="20230716 16:49:59.951" level="INFO">Slept 2 seconds</msg>
<status status="PASS" starttime="20230716 16:49:57.942" endtime="20230716 16:49:59.951"/>
</kw>
<kw name="Click Element" library="SeleniumLibrary">
<arg>//h4[@class='cmp-title__text' and contains(text(),'Ayam Pongteh')]</arg>
<doc>Click the element identified by ``locator``.</doc>
<msg timestamp="20230716 16:49:59.952" level="INFO">Clicking element '//h4[@class='cmp-title__text' and contains(text(),'Ayam Pongteh')]'.</msg>
<status status="PASS" starttime="20230716 16:49:59.951" endtime="20230716 16:50:02.338"/>
</kw>
<status status="PASS" starttime="20230716 16:49:48.441" endtime="20230716 16:50:02.338"/>
</kw>
<status status="PASS" starttime="20230716 16:49:24.290" endtime="20230716 16:50:02.339"/>
</test>
<status status="PASS" starttime="20230716 16:49:23.508" endtime="20230716 16:50:02.341"/>
</suite>
<statistics>
<total>
<stat pass="1" fail="0" skip="0">All Tests</stat>
</total>
<tag>
</tag>
<suite>
<stat pass="1" fail="0" skip="0" id="s1" name="Webprac3">Webprac3</stat>
</suite>
</statistics>
<errors>
</errors>
</robot>
